<?xml version="1.0" encoding="UTF-8"?>
<testng-results skipped="0" failed="0" total="1" passed="1">
  <reporter-output>
  </reporter-output>
  <suite name="Default suite" duration-ms="42" started-at="2016-08-19T13:34:42Z" finished-at="2016-08-19T13:34:42Z">
    <groups>
    </groups>
    <test name="Default test" duration-ms="42" started-at="2016-08-19T13:34:42Z" finished-at="2016-08-19T13:34:42Z">
      <class name="example.NewTest">
        <test-method status="PASS" signature="testJenkins()[pri:0, instance:example.NewTest@fc40f32]" name="testJenkins" duration-ms="13" started-at="2016-08-19T19:04:42Z" finished-at="2016-08-19T19:04:42Z">
          <reporter-output>
          </reporter-output>
        </test-method> <!-- testJenkins -->
      </class> <!-- example.NewTest -->
    </test> <!-- Default test -->
  </suite> <!-- Default suite -->
</testng-results>
